<?xml version="1.0" encoding="UTF-8"?>
<!-- Generated by org.testng.reporters.JUnitReportReporter -->
<testsuite hostname="DESKTOP-A49J3A9" failures="0" tests="1" name="beta_Test.OCR_Demo" time="2.481" errors="0" timestamp="2021-11-08T16:15:19 IST" skipped="0">
  <testcase classname="beta_Test.OCR_Demo" name="read_image_data" time="2.481"/>
  <system-out/>
</testsuite> <!-- beta_Test.OCR_Demo -->
