<?xml version="1.0" encoding="UTF-8"?>
<!-- Generated by org.testng.reporters.JUnitReportReporter -->
<testsuite hostname="DESKTOP-A49J3A9" failures="0" tests="1" name="mypack_demo_test.OCR_Demo" time="2.090" errors="0" timestamp="2021-10-05T12:10:26 IST" skipped="0">
  <testcase classname="mypack_demo_test.OCR_Demo" name="read_image_data" time="2.090"/>
  <system-out/>
</testsuite> <!-- mypack_demo_test.OCR_Demo -->
