<?xml version="1.0" encoding="UTF-8"?>
<!-- Generated by org.testng.reporters.JUnitReportReporter -->
<testsuite hostname="DESKTOP-A49J3A9" failures="0" tests="1" name="beta_Test.L_ketboard_event" time="11.411" errors="0" timestamp="2021-10-16T13:12:45 IST" skipped="0">
  <testcase classname="beta_Test.L_ketboard_event" name="keyactions_test" time="11.411"/>
  <system-out/>
</testsuite> <!-- beta_Test.L_ketboard_event -->
