<?xml version="1.0" encoding="UTF-8"?>
<!-- Generated by org.testng.reporters.JUnitReportReporter -->
<testsuite hostname="DESKTOP-A49J3A9" failures="0" tests="1" name="beta_Test.L_Elements_checkbox" time="37.682" errors="0" timestamp="2021-10-13T16:04:09 IST" skipped="0">
  <testcase classname="beta_Test.L_Elements_checkbox" name="test_checkbox" time="37.682"/>
  <system-out/>
</testsuite> <!-- beta_Test.L_Elements_checkbox -->
