<?xml version="1.0" encoding="UTF-8"?>
<!-- Generated by org.testng.reporters.JUnitReportReporter -->
<testsuite hostname="DESKTOP-A49J3A9" failures="0" tests="1" name="beta_Test.L_Alerts_window" time="23.672" errors="0" timestamp="2021-10-18T08:55:41 IST" skipped="0">
  <testcase classname="beta_Test.L_Alerts_window" name="handle_popup_window" time="23.672"/>
  <system-out/>
</testsuite> <!-- beta_Test.L_Alerts_window -->
