<?xml version="1.0" encoding="UTF-8"?>
<!-- Generated by org.testng.reporters.JUnitReportReporter -->
<testsuite hostname="DESKTOP-A49J3A9" failures="0" tests="1" name="mypack_demo_test.capcha_automation" time="0.772" errors="0" timestamp="2021-10-05T11:48:08 IST" skipped="0">
  <testcase classname="mypack_demo_test.capcha_automation" name="readimage" time="0.772"/>
  <system-out/>
</testsuite> <!-- mypack_demo_test.capcha_automation -->
