<?xml version="1.0" encoding="UTF-8"?>
<!-- Generated by org.testng.reporters.JUnitReportReporter -->
<testsuite hostname="DESKTOP-A49J3A9" failures="0" tests="1" name="beta_Test.L_Tesnng_annotation" time="0.013" errors="0" timestamp="2021-10-18T09:30:51 IST" skipped="0">
  <testcase classname="beta_Test.L_Tesnng_annotation" name="test_test" time="0.013"/>
  <system-out/>
</testsuite> <!-- beta_Test.L_Tesnng_annotation -->
