<?xml version="1.0" encoding="UTF-8"?>
<!-- Generated by org.testng.reporters.JUnitReportReporter -->
<testsuite hostname="DESKTOP-A49J3A9" failures="0" tests="1" name="beta_Test.L_Actions" time="14.187" errors="0" timestamp="2021-10-16T11:13:28 IST" skipped="0">
  <testcase classname="beta_Test.L_Actions" name="double_test" time="14.187"/>
  <system-out/>
</testsuite> <!-- beta_Test.L_Actions -->
