<?xml version="1.0" encoding="UTF-8"?>
<!-- Generated by org.testng.reporters.JUnitReportReporter -->
<testsuite hostname="DESKTOP-A49J3A9" failures="0" tests="1" name="beta_Test.L_drag_drop" time="12.759" errors="0" timestamp="2021-10-16T12:33:27 IST" skipped="0">
  <testcase classname="beta_Test.L_drag_drop" name="drag_drop" time="12.759"/>
  <system-out/>
</testsuite> <!-- beta_Test.L_drag_drop -->
